===== DATE =====
Wed May 20 04:37:26 UTC 2026
===== OS =====
Distributor ID:	Ubuntu
Description:	Ubuntu 24.04.3 LTS
Release:	24.04
Codename:	noble
===== ANSIBLE =====
ansible [core 2.16.3]
  config file = None
  configured module search path = ['/home/ubuntu/.ansible/plugins/modules', '/usr/share/ansible/plugins/modules']
  ansible python module location = /usr/lib/python3/dist-packages/ansible
  ansible collection location = /home/ubuntu/.ansible/collections:/usr/share/ansible/collections
===== OPENSCAP =====
OpenSCAP command line tool (oscap) 1.3.9
Copyright 2009--2023 Red Hat Inc., Durham, North Carolina.

==== Supported specifications ====
SCAP Version: 1.3
XCCDF Version: 1.2
OVAL Version: 5.11.1
CPE Version: 2.3
CVSS Version: 2.0
CVE Version: 2.0
===== ANSIBLE SYNTAX CHECK =====

playbook: harden_system.yml
===== ANSIBLE PING =====
localhost | SUCCESS => {
    "changed": false,
    "ping": "pong"
}
===== SSH HARDENING =====
PasswordAuthentication no
PermitRootLogin prohibit-password
X11Forwarding no
MaxAuthTries 3
ClientAliveInterval 300
ClientAliveCountMax 2
SSH configuration syntax OK
===== UFW STATUS =====
Status: active
Logging: on (low)
Default: deny (incoming), allow (outgoing), disabled (routed)
New profiles: skip

To                         Action      From
--                         ------      ----
22/tcp (OpenSSH)           ALLOW IN    Anywhere                  
22/tcp (OpenSSH (v6))      ALLOW IN    Anywhere (v6)             

===== FILE PERMISSIONS =====
644 root root /etc/passwd
640 root shadow /etc/shadow
===== AUDITD STATUS =====
enabled
active
===== LEGACY SERVICES =====
inactive
inactive
inactive
===== COMPLIANCE VALIDATION REPORT =====
# Linux Hardening Compliance Validation Report

## Validation Scope

This report validates security hardening controls applied through Ansible on an Ubuntu Linux system.

## Tools Used

- Ansible
- OpenSCAP scanner
- UFW
- auditd
- systemd
- Bash

## Controls Validated

### 1. SSH Hardening

Validated SSH hardening drop-in configuration:

- PasswordAuthentication no
- PermitRootLogin prohibit-password
- X11Forwarding no
- MaxAuthTries 3
- ClientAliveInterval 300
- ClientAliveCountMax 2

### 2. Firewall Hardening

Validated UFW firewall status:

- UFW enabled
- Default incoming policy denied
- OpenSSH explicitly allowed

### 3. File Permission Hardening

Validated critical file permissions:

- /etc/passwd owned by root:root with mode 0644
- /etc/shadow owned by root:shadow with mode 0640

### 4. Service Hardening

Validated that risky legacy services were stopped/disabled where present:

- telnet
- nfs-server
- rpcbind

### 5. Audit Service

Validated auditd installation and service status.

## OpenSCAP Note

OpenSCAP scanner was installed successfully. However, Ubuntu 24.04 did not provide a ready distribution-specific SCAP Security Guide benchmark file in the available package sources during this lab session.

Therefore, practical validation was performed using system-level evidence checks and Ansible verification output.

## Result

The system hardening workflow was successfully automated and validated.
